mobileTravel/build/outputs/logs/manifest-merger-formal-debug-report.txt
-- Merging decision tree log ---
manifest
ADDED from src/main/AndroidManifest.xml:3:1-720:12
	xmlns:tools
		ADDED from src/main/AndroidManifest.xml:6:5-51
	xmlns:android
		ADDED from src/main/AndroidManifest.xml:5:5-63
	package
		ADDED from src/main/AndroidManifest.xml:4:5-37
		INJECTED from src/main/AndroidManifest.xml
		INJECTED from src/main/AndroidManifest.xml
	android:versionName
		ADDED from src/main/AndroidManifest.xml:8:5-32
		INJECTED from src/main/AndroidManifest.xml
		INJECTED from src/main/AndroidManifest.xml
	android:versionCode
		ADDED from src/main/AndroidManifest.xml:7:5-31
		INJECTED from src/main/AndroidManifest.xml
		INJECTED from src/main/AndroidManifest.xml
uses-sdk
ADDED from src/main/AndroidManifest.xml:10:5-12:40
MERGED from [com.android.support:multidex:1.0.1] AndroidManifest.xml:18:5-42
MERGED from [APP_v1.0:recyclerview:unspecified] AndroidManifest.xml:5:5-7:41
MERGED from [APP_v1.0:library:unspecified] AndroidManifest.xml:7:5-9:40
MERGED from [APP_v1.0:volley:unspecified] AndroidManifest.xml:7:5-9:40
MERGED from [APP_v1.0:Rtsp_lib:unspecified] AndroidManifest.xml:7:5-9:41
MERGED from [com.android.support:multidex:1.0.1] AndroidManifest.xml:18:5-42
MERGED from [APP_v1.0:IM:unspecified] AndroidManifest.xml:7:5-9:41
MERGED from [APP_v1.0:recyclerview:unspecified] AndroidManifest.xml:5:5-7:41
	android:targetSdkVersion
		ADDED from src/main/AndroidManifest.xml:12:9-38
		INJECTED from src/main/AndroidManifest.xml
		INJECTED from src/main/AndroidManifest.xml
	android:minSdkVersion
		ADDED from src/main/AndroidManifest.xml:11:9-35
		INJECTED from src/main/AndroidManifest.xml
		INJECTED from src/main/AndroidManifest.xml
uses-feature#0x00020000
ADDED from src/main/AndroidManifest.xml:14:5-16:34
	android:required
		ADDED from src/main/AndroidManifest.xml:16:9-32
	android:glEsVersion
		ADDED from src/main/AndroidManifest.xml:15:9-41
uses-permission#android.permission.WRITE_APN_SETTINGS
ADDED from src/main/AndroidManifest.xml:18:5-76
	android:name
		ADDED from src/main/AndroidManifest.xml:18:22-74
uses-permission#android.permission.FLASHLIGHT
ADDED from src/main/AndroidManifest.xml:19:5-68
MERGED from [APP_v1.0:IM:unspecified] AndroidManifest.xml:22:5-69
	android:name
		ADDED from src/main/AndroidManifest.xml:19:22-66
uses-permission#android.permission.MODIFY_AUDIO_SETTINGS
ADDED from src/main/AndroidManifest.xml:20:5-79
MERGED from [APP_v1.0:IM:unspecified] AndroidManifest.xml:25:5-80
	android:name
		ADDED from src/main/AndroidManifest.xml:20:22-77
uses-permission#android.permission.READ_CONTACTS
ADDED from src/main/AndroidManifest.xml:21:5-71
MERGED from [APP_v1.0:IM:unspecified] AndroidManifest.xml:27:5-72
	android:name
		ADDED from src/main/AndroidManifest.xml:21:22-69
uses-permission#android.permission.REORDER_TASKS
ADDED from src/main/AndroidManifest.xml:22:5-71
MERGED from [APP_v1.0:IM:unspecified] AndroidManifest.xml:31:5-72
	android:name
		ADDED from src/main/AndroidManifest.xml:22:22-69
uses-permission#android.permission.READ_PROFILE
ADDED from src/main/AndroidManifest.xml:23:5-70
MERGED from [APP_v1.0:IM:unspecified] AndroidManifest.xml:38:5-71
	android:name
		ADDED from src/main/AndroidManifest.xml:23:22-68
uses-feature#android.hardware.camera
ADDED from src/main/AndroidManifest.xml:25:5-59
	android:name
		ADDED from src/main/AndroidManifest.xml:25:19-57
uses-feature#android.hardware.camera.autofocus
ADDED from src/main/AndroidManifest.xml:26:5-69
	android:name
		ADDED from src/main/AndroidManifest.xml:26:19-67
uses-permission#android.permission.CAMERA
ADDED from src/main/AndroidManifest.xml:28:5-64
MERGED from [APP_v1.0:IM:unspecified] AndroidManifest.xml:19:5-65
	android:name
		ADDED from src/main/AndroidManifest.xml:28:22-62
uses-permission#android.permission.RECORD_AUDIO
ADDED from src/main/AndroidManifest.xml:29:5-70
MERGED from [APP_v1.0:IM:unspecified] AndroidManifest.xml:30:5-71
	android:name
		ADDED from src/main/AndroidManifest.xml:29:22-68
uses-permission#android.permission.RECORD_VIDEO
ADDED from src/main/AndroidManifest.xml:30:5-70
	android:name
		ADDED from src/main/AndroidManifest.xml:30:22-68
uses-permission#android.permission.INTERNET
ADDED from src/main/AndroidManifest.xml:33:5-66
MERGED from [APP_v1.0:Rtsp_lib:unspecified] AndroidManifest.xml:12:5-67
MERGED from [APP_v1.0:IM:unspecified] AndroidManifest.xml:24:5-67
	android:name
		ADDED from src/main/AndroidManifest.xml:33:22-64
uses-permission#android.permission.CHANGE_WIFI_STATE
ADDED from src/main/AndroidManifest.xml:34:5-75
MERGED from [APP_v1.0:IM:unspecified] AndroidManifest.xml:18:5-76
	android:name
		ADDED from src/main/AndroidManifest.xml:34:22-73
uses-permission#android.permission.ACCESS_WIFI_STATE
ADDED from src/main/AndroidManifest.xml:35:5-75
MERGED from [APP_v1.0:IM:unspecified] AndroidManifest.xml:16:5-76
	android:name
		ADDED from src/main/AndroidManifest.xml:35:22-73
uses-permission#android.permission.ACCESS_NETWORK_STATE
ADDED from src/main/AndroidManifest.xml:36:5-78
MERGED from [APP_v1.0:Rtsp_lib:unspecified] AndroidManifest.xml:18:5-79
MERGED from [APP_v1.0:IM:unspecified] AndroidManifest.xml:15:5-79
	android:name
		ADDED from src/main/AndroidManifest.xml:36:22-76
uses-permission#android.permission.CHANGE_NETWORK_STATE
ADDED from src/main/AndroidManifest.xml:37:5-78
MERGED from [APP_v1.0:Rtsp_lib:unspecified] AndroidManifest.xml:11:5-79
	android:name
		ADDED from src/main/AndroidManifest.xml:37:22-76
uses-permission#android.permission.ACCESS_COARSE_LOCATION
ADDED from src/main/AndroidManifest.xml:40:5-80
MERGED from [APP_v1.0:IM:unspecified] AndroidManifest.xml:12:5-81
	android:name
		ADDED from src/main/AndroidManifest.xml:40:22-78
uses-permission#android.permission.ACCESS_FINE_LOCATION
ADDED from src/main/AndroidManifest.xml:41:5-78
MERGED from [APP_v1.0:IM:unspecified] AndroidManifest.xml:11:5-79
	android:name
		ADDED from src/main/AndroidManifest.xml:41:22-76
uses-permission#android.permission.RECEIVE_BOOT_COMPLETED
ADDED from src/main/AndroidManifest.xml:44:5-80
MERGED from [APP_v1.0:IM:unspecified] AndroidManifest.xml:32:5-81
	android:name
		ADDED from src/main/AndroidManifest.xml:44:22-78
uses-permission#android.permission.GET_ACCOUNTS
ADDED from src/main/AndroidManifest.xml:47:5-70
MERGED from [APP_v1.0:IM:unspecified] AndroidManifest.xml:37:5-71
	android:name
		ADDED from src/main/AndroidManifest.xml:47:22-68
uses-permission#android.permission.USE_CREDENTIALS
ADDED from src/main/AndroidManifest.xml:48:5-73
MERGED from [APP_v1.0:IM:unspecified] AndroidManifest.xml:36:5-74
	android:name
		ADDED from src/main/AndroidManifest.xml:48:22-71
uses-permission#android.permission.MANAGE_ACCOUNTS
ADDED from src/main/AndroidManifest.xml:49:5-73
	android:name
		ADDED from src/main/AndroidManifest.xml:49:22-71
uses-permission#android.permission.AUTHENTICATE_ACCOUNTS
ADDED from src/main/AndroidManifest.xml:50:5-79
	android:name
		ADDED from src/main/AndroidManifest.xml:50:22-77
uses-permission#com.android.launcher.permission.READ_SETTINGS
ADDED from src/main/AndroidManifest.xml:51:5-84
	android:name
		ADDED from src/main/AndroidManifest.xml:51:22-82
uses-permission#android.permission.READ_PHONE_STATE
ADDED from src/main/AndroidManifest.xml:52:5-74
MERGED from [APP_v1.0:IM:unspecified] AndroidManifest.xml:29:5-75
	android:name
		ADDED from src/main/AndroidManifest.xml:52:22-72
uses-permission#android.permission.WRITE_EXTERNAL_STORAGE
ADDED from src/main/AndroidManifest.xml:53:5-80
MERGED from [APP_v1.0:Rtsp_lib:unspecified] AndroidManifest.xml:14:5-81
MERGED from [APP_v1.0:IM:unspecified] AndroidManifest.xml:33:5-81
	android:name
		ADDED from src/main/AndroidManifest.xml:53:22-78
uses-permission#android.permission.READ_EXTERNAL_STORAGE
ADDED from src/main/AndroidManifest.xml:54:5-79
MERGED from [APP_v1.0:IM:unspecified] AndroidManifest.xml:28:5-80
	android:name
		ADDED from src/main/AndroidManifest.xml:54:22-77
uses-permission#android.permission.BROADCAST_STICKY
ADDED from src/main/AndroidManifest.xml:55:5-74
	android:name
		ADDED from src/main/AndroidManifest.xml:55:22-72
uses-permission#android.permission.WRITE_SETTINGS
ADDED from src/main/AndroidManifest.xml:56:5-72
MERGED from [APP_v1.0:IM:unspecified] AndroidManifest.xml:14:5-73
	android:name
		ADDED from src/main/AndroidManifest.xml:56:22-70
uses-permission#android.permission.WAKE_LOCK
ADDED from src/main/AndroidManifest.xml:57:5-67
MERGED from [APP_v1.0:Rtsp_lib:unspecified] AndroidManifest.xml:16:5-68
MERGED from [APP_v1.0:IM:unspecified] AndroidManifest.xml:34:5-68
	android:name
		ADDED from src/main/AndroidManifest.xml:57:22-65
uses-permission#android.permission.CALL_PHONE
ADDED from src/main/AndroidManifest.xml:58:5-68
MERGED from [APP_v1.0:IM:unspecified] AndroidManifest.xml:17:5-69
	android:name
		ADDED from src/main/AndroidManifest.xml:58:22-66
uses-permission#android.permission.READ_PHONE_SINTERNETWIFI_STATE
ADDED from src/main/AndroidManifest.xml:59:5-88
	android:name
		ADDED from src/main/AndroidManifest.xml:59:22-86
uses-permission#android.permission.GET_TASKS
ADDED from src/main/AndroidManifest.xml:60:5-67
MERGED from [APP_v1.0:Rtsp_lib:unspecified] AndroidManifest.xml:17:5-68
MERGED from [APP_v1.0:IM:unspecified] AndroidManifest.xml:23:5-68
	android:name
		ADDED from src/main/AndroidManifest.xml:60:22-65
uses-permission#android.permission.MOUNT_UNMOUNT_FILESYSTEMS
ADDED from src/main/AndroidManifest.xml:61:5-83
MERGED from [APP_v1.0:IM:unspecified] AndroidManifest.xml:26:5-84
	android:name
		ADDED from src/main/AndroidManifest.xml:61:22-81
uses-permission#android.permission.VIBRATE
ADDED from src/main/AndroidManifest.xml:62:5-65
MERGED from [APP_v1.0:IM:unspecified] AndroidManifest.xml:35:5-66
	android:name
		ADDED from src/main/AndroidManifest.xml:62:22-63
uses-permission#android.permission.CHANGE_CONFIGURATION
ADDED from src/main/AndroidManifest.xml:63:5-78
MERGED from [APP_v1.0:IM:unspecified] AndroidManifest.xml:13:5-79
	android:name
		ADDED from src/main/AndroidManifest.xml:63:22-76
uses-permission#android.permission.READ_LOGS
ADDED from src/main/AndroidManifest.xml:64:5-67
MERGED from [APP_v1.0:Rtsp_lib:unspecified] AndroidManifest.xml:19:5-68
	android:name
		ADDED from src/main/AndroidManifest.xml:64:22-65
uses-permission#android.permission.INSTALL_PACKAGES
ADDED from src/main/AndroidManifest.xml:65:5-67:46
	android:name
		ADDED from src/main/AndroidManifest.xml:66:9-59
	tools:ignore
		ADDED from src/main/AndroidManifest.xml:67:9-44
uses-permission#android.permission.DELETE_PACKAGES
ADDED from src/main/AndroidManifest.xml:68:5-70:46
	android:name
		ADDED from src/main/AndroidManifest.xml:69:9-58
	tools:ignore
		ADDED from src/main/AndroidManifest.xml:70:9-44
uses-permission#android.permission.CLEAR_APP_CACHE
ADDED from src/main/AndroidManifest.xml:71:5-73
	android:name
		ADDED from src/main/AndroidManifest.xml:71:22-71
application
ADDED from src/main/AndroidManifest.xml:73:5-718:19
MERGED from [APP_v1.0:recyclerview:unspecified] AndroidManifest.xml:9:5-10:19
MERGED from [APP_v1.0:library:unspecified] AndroidManifest.xml:11:5-20
MERGED from [APP_v1.0:volley:unspecified] AndroidManifest.xml:11:5-20
MERGED from [APP_v1.0:Rtsp_lib:unspecified] AndroidManifest.xml:21:5-40:19
MERGED from [APP_v1.0:IM:unspecified] AndroidManifest.xml:40:5-130:19
MERGED from [APP_v1.0:recyclerview:unspecified] AndroidManifest.xml:9:5-10:19
	android:label
		ADDED from src/main/AndroidManifest.xml:78:9-41
	android:debuggable
		ADDED from src/main/AndroidManifest.xml:76:9-35
	android:allowBackup
		ADDED from src/main/AndroidManifest.xml:75:9-36
		REJECTED from [APP_v1.0:recyclerview:unspecified] AndroidManifest.xml:9:18-44
		REJECTED from [APP_v1.0:Rtsp_lib:unspecified] AndroidManifest.xml:22:9-35
		REJECTED from [APP_v1.0:IM:unspecified] AndroidManifest.xml:41:9-35
		REJECTED from [APP_v1.0:recyclerview:unspecified] AndroidManifest.xml:9:18-44
	android:icon
		ADDED from src/main/AndroidManifest.xml:77:9-45
	android:theme
		ADDED from src/main/AndroidManifest.xml:80:9-40
	android:largeHeap
		ADDED from src/main/AndroidManifest.xml:79:9-33
	tools:replace
		ADDED from src/main/AndroidManifest.xml:81:9-44
	android:name
		ADDED from src/main/AndroidManifest.xml:74:9-38
meta-data#Server_IP
ADDED from src/main/AndroidManifest.xml:83:9-85:43
	android:name
		ADDED from src/main/AndroidManifest.xml:84:13-37
	android:value
		ADDED from src/main/AndroidManifest.xml:85:13-41
		INJECTED from src/main/AndroidManifest.xml
meta-data#BuildVersion
ADDED from src/main/AndroidManifest.xml:86:9-88:35
	android:name
		ADDED from src/main/AndroidManifest.xml:87:13-40
	android:value
		ADDED from src/main/AndroidManifest.xml:88:13-33
activity#com.cmcc.hyapps.andyou.activity.IntroActivity
ADDED from src/main/AndroidManifest.xml:93:9-95:51
	android:screenOrientation
		ADDED from src/main/AndroidManifest.xml:95:13-49
	android:name
		ADDED from src/main/AndroidManifest.xml:94:13-51
activity#com.cmcc.hyapps.andyou.activity.SplashActivity
ADDED from src/main/AndroidManifest.xml:97:9-106:20
	android:screenOrientation
		ADDED from src/main/AndroidManifest.xml:99:13-49
	android:theme
		ADDED from src/main/AndroidManifest.xml:100:13-72
	android:name
		ADDED from src/main/AndroidManifest.xml:98:13-52
intent-filter#android.intent.action.MAIN+android.intent.category.LAUNCHER
ADDED from src/main/AndroidManifest.xml:101:13-105:29
action#android.intent.action.MAIN
ADDED from src/main/AndroidManifest.xml:102:17-68
	android:name
		ADDED from src/main/AndroidManifest.xml:102:25-66
category#android.intent.category.LAUNCHER
ADDED from src/main/AndroidManifest.xml:104:17-76
	android:name
		ADDED from src/main/AndroidManifest.xml:104:27-74
activity#com.cmcc.hyapps.andyou.activity.IndexActivity
ADDED from src/main/AndroidManifest.xml:107:9-111:58
	android:windowSoftInputMode
		ADDED from src/main/AndroidManifest.xml:111:13-56
	android:screenOrientation
		ADDED from src/main/AndroidManifest.xml:110:13-49
	android:hardwareAccelerated
		ADDED from src/main/AndroidManifest.xml:109:13-47
	android:name
		ADDED from src/main/AndroidManifest.xml:108:13-51
activity#com.cmcc.hyapps.andyou.activity.ScenicDetailActivity
ADDED from src/main/AndroidManifest.xml:112:9-114:51
	android:screenOrientation
		ADDED from src/main/AndroidManifest.xml:114:13-49
	android:name
		ADDED from src/main/AndroidManifest.xml:113:13-58
activity#com.cmcc.hyapps.andyou.activity.LoginActivity
ADDED from src/main/AndroidManifest.xml:115:9-117:51
	android:screenOrientation
		ADDED from src/main/AndroidManifest.xml:117:13-49
	android:name
		ADDED from src/main/AndroidManifest.xml:116:13-51
activity#com.cmcc.hyapps.andyou.activity.FreshLoginActivity
ADDED from src/main/AndroidManifest.xml:118:9-120:51
	android:screenOrientation
		ADDED from src/main/AndroidManifest.xml:120:13-49
	android:name
		ADDED from src/main/AndroidManifest.xml:119:13-56
activity#com.cmcc.hyapps.andyou.activity.ScenicDetailMaskActivity
ADDED from src/main/AndroidManifest.xml:121:9-124:74
	android:screenOrientation
		ADDED from src/main/AndroidManifest.xml:123:13-49
	android:theme
		ADDED from src/main/AndroidManifest.xml:124:13-72
	android:name
		ADDED from src/main/AndroidManifest.xml:122:13-62
activity#com.cmcc.hyapps.andyou.activity.ImageGalleryActivity
ADDED from src/main/AndroidManifest.xml:125:9-127:51
	android:screenOrientation
		ADDED from src/main/AndroidManifest.xml:127:13-49
	android:name
		ADDED from src/main/AndroidManifest.xml:126:13-58
activity#com.cmcc.hyapps.andyou.activity.CommentDetailsActivity
ADDED from src/main/AndroidManifest.xml:128:9-131:57
	android:windowSoftInputMode
		ADDED from src/main/AndroidManifest.xml:131:13-55
	android:screenOrientation
		ADDED from src/main/AndroidManifest.xml:130:13-49
	android:name
		ADDED from src/main/AndroidManifest.xml:129:13-60
activity#com.cmcc.hyapps.andyou.activity.ScenicLiveActivity
ADDED from src/main/AndroidManifest.xml:132:9-134:51
	android:screenOrientation
		ADDED from src/main/AndroidManifest.xml:134:13-49
	android:name
		ADDED from src/main/AndroidManifest.xml:133:13-56
activity#com.cmcc.hyapps.andyou.activity.ScenicVideoListActivity
ADDED from src/main/AndroidManifest.xml:135:9-137:51
	android:screenOrientation
		ADDED from src/main/AndroidManifest.xml:137:13-49
	android:name
		ADDED from src/main/AndroidManifest.xml:136:13-61
activity#com.cmcc.hyapps.andyou.activity.TextFieldIntroduceActivity
ADDED from src/main/AndroidManifest.xml:138:9-140:51
	android:screenOrientation
		ADDED from src/main/AndroidManifest.xml:140:13-49
	android:name
		ADDED from src/main/AndroidManifest.xml:139:13-64
activity#com.cmcc.hyapps.andyou.activity.VideoPlaybackActivity
ADDED from src/main/AndroidManifest.xml:141:9-143:76
	android:configChanges
		ADDED from src/main/AndroidManifest.xml:143:13-74
	android:name
		ADDED from src/main/AndroidManifest.xml:142:13-59
activity#com.kj.guradc.VideoActivity
ADDED from src/main/AndroidManifest.xml:144:9-146:76
	android:configChanges
		ADDED from src/main/AndroidManifest.xml:146:13-74
	android:name
		ADDED from src/main/AndroidManifest.xml:145:13-55
activity#com.cmcc.hyapps.andyou.activity.ServiceMapActivity
ADDED from src/main/AndroidManifest.xml:147:9-149:51
	android:screenOrientation
		ADDED from src/main/AndroidManifest.xml:149:13-49
	android:name
		ADDED from src/main/AndroidManifest.xml:148:13-56
activity#com.lau.vlcdemo.VideoPlayerActivity
ADDED from src/main/AndroidManifest.xml:150:9-152:73
	android:theme
		ADDED from src/main/AndroidManifest.xml:152:13-71
	android:name
		ADDED from src/main/AndroidManifest.xml:151:13-63
activity#com.cmcc.hyapps.andyou.activity.ServiceListActivity
ADDED from src/main/AndroidManifest.xml:153:9-155:51
	android:screenOrientation
		ADDED from src/main/AndroidManifest.xml:155:13-49
	android:name
		ADDED from src/main/AndroidManifest.xml:154:13-57
activity#com.cmcc.hyapps.andyou.activity.ScenicListActivity
ADDED from src/main/AndroidManifest.xml:156:9-158:51
	android:screenOrientation
		ADDED from src/main/AndroidManifest.xml:158:13-49
	android:name
		ADDED from src/main/AndroidManifest.xml:157:13-56
activity#com.cmcc.hyapps.andyou.activity.ScenicOverviewActivity
ADDED from src/main/AndroidManifest.xml:159:9-161:51
	android:screenOrientation
		ADDED from src/main/AndroidManifest.xml:161:13-49
	android:name
		ADDED from src/main/AndroidManifest.xml:160:13-60
activity#com.cmcc.hyapps.andyou.activity.ScenicSpotListActivity
ADDED from src/main/AndroidManifest.xml:162:9-164:51
	android:screenOrientation
		ADDED from src/main/AndroidManifest.xml:164:13-49
	android:name
		ADDED from src/main/AndroidManifest.xml:163:13-60
activity#com.cmcc.hyapps.andyou.activity.CommentEditActivity
ADDED from src/main/AndroidManifest.xml:165:9-168:51
	android:screenOrientation
		ADDED from src/main/AndroidManifest.xml:168:13-49
	android:configChanges
		ADDED from src/main/AndroidManifest.xml:167:13-63
	android:name
		ADDED from src/main/AndroidManifest.xml:166:13-57
activity#com.cmcc.hyapps.andyou.activity.CommentListActivity
ADDED from src/main/AndroidManifest.xml:169:9-171:51
	android:screenOrientation
		ADDED from src/main/AndroidManifest.xml:171:13-49
	android:name
		ADDED from src/main/AndroidManifest.xml:170:13-57
activity#com.cmcc.hyapps.andyou.activity.PasswordBackActivity
ADDED from src/main/AndroidManifest.xml:172:9-174:51
	android:screenOrientation
		ADDED from src/main/AndroidManifest.xml:174:13-49
	android:name
		ADDED from src/main/AndroidManifest.xml:173:13-58
activity#com.cmcc.hyapps.andyou.activity.ResetPasswordActivity
ADDED from src/main/AndroidManifest.xml:175:9-177:51
	android:screenOrientation
		ADDED from src/main/AndroidManifest.xml:177:13-49
	android:name
		ADDED from src/main/AndroidManifest.xml:176:13-59
activity#com.cmcc.hyapps.andyou.activity.PhotoPickActivity
ADDED from src/main/AndroidManifest.xml:178:9-180:51
	android:screenOrientation
		ADDED from src/main/AndroidManifest.xml:180:13-49
	android:name
		ADDED from src/main/AndroidManifest.xml:179:13-55
activity#com.cmcc.hyapps.andyou.activity.PhotoPreviewActivity
ADDED from src/main/AndroidManifest.xml:181:9-183:51
	android:screenOrientation
		ADDED from src/main/AndroidManifest.xml:183:13-49
	android:name
		ADDED from src/main/AndroidManifest.xml:182:13-58
activity#com.cmcc.hyapps.andyou.activity.NaviActivity
ADDED from src/main/AndroidManifest.xml:184:9-186:51
	android:screenOrientation
		ADDED from src/main/AndroidManifest.xml:186:13-49
	android:name
		ADDED from src/main/AndroidManifest.xml:185:13-50
activity#com.cmcc.hyapps.andyou.activity.RegisterActivity
ADDED from src/main/AndroidManifest.xml:187:9-189:51
	android:screenOrientation
		ADDED from src/main/AndroidManifest.xml:189:13-49
	android:name
		ADDED from src/main/AndroidManifest.xml:188:13-54
activity#com.cmcc.hyapps.andyou.activity.ListenActivity
ADDED from src/main/AndroidManifest.xml:190:9-198:20
	android:screenOrientation
		ADDED from src/main/AndroidManifest.xml:192:13-49
	android:name
		ADDED from src/main/AndroidManifest.xml:191:13-52
activity#com.cmcc.hyapps.andyou.activity.ListenMaskActivity
ADDED from src/main/AndroidManifest.xml:199:9-202:74
	android:screenOrientation
		ADDED from src/main/AndroidManifest.xml:201:13-49
	android:theme
		ADDED from src/main/AndroidManifest.xml:202:13-72
	android:name
		ADDED from src/main/AndroidManifest.xml:200:13-56
activity#com.cmcc.hyapps.andyou.activity.VideoUploadActivity
ADDED from src/main/AndroidManifest.xml:203:9-205:51
	android:screenOrientation
		ADDED from src/main/AndroidManifest.xml:205:13-49
	android:name
		ADDED from src/main/AndroidManifest.xml:204:13-57
activity#com.cmcc.hyapps.andyou.activity.VideoRecorderActivity
ADDED from src/main/AndroidManifest.xml:206:9-208:51
	android:screenOrientation
		ADDED from src/main/AndroidManifest.xml:208:13-49
	android:name
		ADDED from src/main/AndroidManifest.xml:207:13-59
activity#com.cmcc.hyapps.andyou.activity.DownloadListActivity
ADDED from src/main/AndroidManifest.xml:209:9-217:20
	android:screenOrientation
		ADDED from src/main/AndroidManifest.xml:211:13-49
	android:name
		ADDED from src/main/AndroidManifest.xml:210:13-58
activity#com.cmcc.hyapps.andyou.activity.SettingsActivity
ADDED from src/main/AndroidManifest.xml:218:9-220:51
	android:screenOrientation
		ADDED from src/main/AndroidManifest.xml:220:13-49
	android:name
		ADDED from src/main/AndroidManifest.xml:219:13-54
activity#com.cmcc.hyapps.andyou.activity.MeSettingActivity
ADDED from src/main/AndroidManifest.xml:221:9-223:51
	android:screenOrientation
		ADDED from src/main/AndroidManifest.xml:223:13-49
	android:name
		ADDED from src/main/AndroidManifest.xml:222:13-55
activity#com.cmcc.hyapps.andyou.activity.UserInformationActivity
ADDED from src/main/AndroidManifest.xml:224:9-226:51
	android:screenOrientation
		ADDED from src/main/AndroidManifest.xml:226:13-49
	android:name
		ADDED from src/main/AndroidManifest.xml:225:13-61
activity#com.cmcc.hyapps.andyou.activity.FriendsCircleMessageActivity
ADDED from src/main/AndroidManifest.xml:227:9-229:51
	android:screenOrientation
		ADDED from src/main/AndroidManifest.xml:229:13-49
	android:name
		ADDED from src/main/AndroidManifest.xml:228:13-66
activity#com.cmcc.hyapps.andyou.activity.FriendsCircleSendTrendActivity
ADDED from src/main/AndroidManifest.xml:230:9-232:51
	android:screenOrientation
		ADDED from src/main/AndroidManifest.xml:232:13-49
	android:name
		ADDED from src/main/AndroidManifest.xml:231:13-68
activity#com.cmcc.hyapps.andyou.activity.FriendsCircleDescriptionActivity
ADDED from src/main/AndroidManifest.xml:233:9-235:51
	android:screenOrientation
		ADDED from src/main/AndroidManifest.xml:235:13-49
	android:name
		ADDED from src/main/AndroidManifest.xml:234:13-70
activity#com.cmcc.hyapps.andyou.activity.FriendsCircleMyTrendsActivity
ADDED from src/main/AndroidManifest.xml:236:9-238:51
	android:screenOrientation
		ADDED from src/main/AndroidManifest.xml:238:13-49
	android:name
		ADDED from src/main/AndroidManifest.xml:237:13-67
activity#com.cmcc.hyapps.andyou.activity.GuiderCollection
ADDED from src/main/AndroidManifest.xml:239:9-241:51
	android:screenOrientation
		ADDED from src/main/AndroidManifest.xml:241:13-49
	android:name
		ADDED from src/main/AndroidManifest.xml:240:13-54
activity#com.cmcc.hyapps.andyou.activity.FavoritesActivity
ADDED from src/main/AndroidManifest.xml:242:9-244:51
	android:screenOrientation
		ADDED from src/main/AndroidManifest.xml:244:13-49
	android:name
		ADDED from src/main/AndroidManifest.xml:243:13-55
activity#com.cmcc.hyapps.andyou.activity.ScenicSpotsMapActivity
ADDED from src/main/AndroidManifest.xml:245:9-247:51
	android:screenOrientation
		ADDED from src/main/AndroidManifest.xml:247:13-49
	android:name
		ADDED from src/main/AndroidManifest.xml:246:13-60
activity#com.cmcc.hyapps.andyou.activity.SearchActivity
ADDED from src/main/AndroidManifest.xml:248:9-251:70
	android:windowSoftInputMode
		ADDED from src/main/AndroidManifest.xml:251:13-68
	android:screenOrientation
		ADDED from src/main/AndroidManifest.xml:250:13-49
	android:name
		ADDED from src/main/AndroidManifest.xml:249:13-52
activity#com.cmcc.hyapps.andyou.activity.SearchScenicActivity
ADDED from src/main/AndroidManifest.xml:252:9-255:70
	android:windowSoftInputMode
		ADDED from src/main/AndroidManifest.xml:255:13-68
	android:screenOrientation
		ADDED from src/main/AndroidManifest.xml:254:13-49
	android:name
		ADDED from src/main/AndroidManifest.xml:253:13-58
activity#com.cmcc.hyapps.andyou.activity.OfficialActivity
ADDED from src/main/AndroidManifest.xml:256:9-258:51
	android:screenOrientation
		ADDED from src/main/AndroidManifest.xml:258:13-49
	android:name
		ADDED from src/main/AndroidManifest.xml:257:13-54
activity#com.cmcc.hyapps.andyou.activity.PublishActivity
ADDED from src/main/AndroidManifest.xml:259:9-261:51
	android:screenOrientation
		ADDED from src/main/AndroidManifest.xml:261:13-49
	android:name
		ADDED from src/main/AndroidManifest.xml:260:13-53
activity#com.cmcc.hyapps.andyou.activity.TrafficActivity
ADDED from src/main/AndroidManifest.xml:262:9-264:51
	android:screenOrientation
		ADDED from src/main/AndroidManifest.xml:264:13-49
	android:name
		ADDED from src/main/AndroidManifest.xml:263:13-53
activity#com.cmcc.hyapps.andyou.activity.EnjoyActivity
ADDED from src/main/AndroidManifest.xml:265:9-267:51
	android:screenOrientation
		ADDED from src/main/AndroidManifest.xml:267:13-49
	android:name
		ADDED from src/main/AndroidManifest.xml:266:13-51
activity#com.cmcc.hyapps.andyou.activity.RoadConditionActivity
ADDED from src/main/AndroidManifest.xml:268:9-270:51
	android:screenOrientation
		ADDED from src/main/AndroidManifest.xml:270:13-49
	android:name
		ADDED from src/main/AndroidManifest.xml:269:13-59
activity#com.cmcc.hyapps.andyou.activity.CityChooseActivity
ADDED from src/main/AndroidManifest.xml:271:9-274:70
	android:windowSoftInputMode
		ADDED from src/main/AndroidManifest.xml:274:13-68
	android:screenOrientation
		ADDED from src/main/AndroidManifest.xml:273:13-49
	android:name
		ADDED from src/main/AndroidManifest.xml:272:13-56
activity#com.cmcc.hyapps.andyou.activity.ItineraryEditStepOneActivity
ADDED from src/main/AndroidManifest.xml:275:9-279:74
	android:windowSoftInputMode
		ADDED from src/main/AndroidManifest.xml:279:13-72
	android:screenOrientation
		ADDED from src/main/AndroidManifest.xml:278:13-49
	android:configChanges
		ADDED from src/main/AndroidManifest.xml:277:13-63
	android:name
		ADDED from src/main/AndroidManifest.xml:276:13-66
activity#com.cmcc.hyapps.andyou.activity.FeedbackActivity
ADDED from src/main/AndroidManifest.xml:280:9-282:51
	android:screenOrientation
		ADDED from src/main/AndroidManifest.xml:282:13-49
	android:name
		ADDED from src/main/AndroidManifest.xml:281:13-54
activity#com.cmcc.hyapps.andyou.activity.AboutActivity
ADDED from src/main/AndroidManifest.xml:283:9-285:51
	android:screenOrientation
		ADDED from src/main/AndroidManifest.xml:285:13-49
	android:name
		ADDED from src/main/AndroidManifest.xml:284:13-51
activity#com.cmcc.hyapps.andyou.activity.UserAgreementActivity
ADDED from src/main/AndroidManifest.xml:286:9-288:51
	android:screenOrientation
		ADDED from src/main/AndroidManifest.xml:288:13-49
	android:name
		ADDED from src/main/AndroidManifest.xml:287:13-59
activity#com.cmcc.hyapps.andyou.activity.UserProfileActivity
ADDED from src/main/AndroidManifest.xml:289:9-291:51
	android:screenOrientation
		ADDED from src/main/AndroidManifest.xml:291:13-49
	android:name
		ADDED from src/main/AndroidManifest.xml:290:13-57
activity#com.cmcc.hyapps.andyou.activity.TextFieldEditActivity
ADDED from src/main/AndroidManifest.xml:292:9-296:76
	android:windowSoftInputMode
		ADDED from src/main/AndroidManifest.xml:296:13-74
	android:screenOrientation
		ADDED from src/main/AndroidManifest.xml:295:13-49
	android:configChanges
		ADDED from src/main/AndroidManifest.xml:294:13-63
	android:name
		ADDED from src/main/AndroidManifest.xml:293:13-59
activity#com.cmcc.hyapps.andyou.activity.TrackDetailActivity
ADDED from src/main/AndroidManifest.xml:297:9-299:51
	android:screenOrientation
		ADDED from src/main/AndroidManifest.xml:299:13-49
	android:name
		ADDED from src/main/AndroidManifest.xml:298:13-57
activity#com.cmcc.hyapps.andyou.activity.TripDetailEditActivity
ADDED from src/main/AndroidManifest.xml:300:9-303:51
	android:screenOrientation
		ADDED from src/main/AndroidManifest.xml:303:13-49
	android:configChanges
		ADDED from src/main/AndroidManifest.xml:302:13-63
	android:name
		ADDED from src/main/AndroidManifest.xml:301:13-60
activity#com.cmcc.hyapps.andyou.activity.GuideAddActivity
ADDED from src/main/AndroidManifest.xml:304:9-307:51
	android:screenOrientation
		ADDED from src/main/AndroidManifest.xml:307:13-49
	android:configChanges
		ADDED from src/main/AndroidManifest.xml:306:13-63
	android:name
		ADDED from src/main/AndroidManifest.xml:305:13-54
activity#com.cmcc.hyapps.andyou.activity.TripAddActivity
ADDED from src/main/AndroidManifest.xml:308:9-311:51
	android:screenOrientation
		ADDED from src/main/AndroidManifest.xml:311:13-49
	android:configChanges